m:\chess3d\chess3d_repo\stockfish_3d_port\stockfish_3d_port\x64\release\vc145.pdb
m:\chess3d\chess3d_repo\stockfish_3d_port\stockfish_3d_port\x64\release\timeman.obj
m:\chess3d\chess3d_repo\stockfish_3d_port\stockfish_3d_port\x64\release\thread.obj
m:\chess3d\chess3d_repo\stockfish_3d_port\stockfish_3d_port\x64\release\tbprobe.obj
m:\chess3d\chess3d_repo\stockfish_3d_port\stockfish_3d_port\x64\release\search.obj
m:\chess3d\chess3d_repo\stockfish_3d_port\stockfish_3d_port\x64\release\score.obj
m:\chess3d\chess3d_repo\stockfish_3d_port\stockfish_3d_port\x64\release\position.obj
m:\chess3d\chess3d_repo\stockfish_3d_port\stockfish_3d_port\x64\release\nnue_misc.obj
m:\chess3d\chess3d_repo\stockfish_3d_port\stockfish_3d_port\x64\release\nnue_accumulator.obj
m:\chess3d\chess3d_repo\stockfish_3d_port\stockfish_3d_port\x64\release\network.obj
m:\chess3d\chess3d_repo\stockfish_3d_port\stockfish_3d_port\x64\release\half_ka_v2_hm.obj
m:\chess3d\chess3d_repo\stockfish_3d_port\stockfish_3d_port\x64\release\full_threats.obj
m:\chess3d\chess3d_repo\stockfish_3d_port\stockfish_3d_port\x64\release\movepick.obj
m:\chess3d\chess3d_repo\stockfish_3d_port\stockfish_3d_port\x64\release\movegen.obj
m:\chess3d\chess3d_repo\stockfish_3d_port\stockfish_3d_port\x64\release\misc.obj
m:\chess3d\chess3d_repo\stockfish_3d_port\stockfish_3d_port\x64\release\memory.obj
m:\chess3d\chess3d_repo\stockfish_3d_port\stockfish_3d_port\x64\release\main.obj
m:\chess3d\chess3d_repo\stockfish_3d_port\stockfish_3d_port\x64\release\evaluate.obj
m:\chess3d\chess3d_repo\stockfish_3d_port\stockfish_3d_port\x64\release\engine.obj
m:\chess3d\chess3d_repo\stockfish_3d_port\stockfish_3d_port\x64\release\bitboard.obj
m:\chess3d\chess3d_repo\stockfish_3d_port\stockfish_3d_port\x64\release\benchmark.obj
m:\chess3d\chess3d_repo\stockfish_3d_port\stockfish_3d_port\x64\release\stockfish_api.obj
m:\chess3d\chess3d_repo\stockfish_3d_port\stockfish_3d_port\x64\release\ucioption.obj
m:\chess3d\chess3d_repo\stockfish_3d_port\stockfish_3d_port\x64\release\uci.obj
m:\chess3d\chess3d_repo\stockfish_3d_port\stockfish_3d_port\x64\release\tune.obj
m:\chess3d\chess3d_repo\stockfish_3d_port\stockfish_3d_port\x64\release\tt.obj
m:\chess3d\chess3d_repo\stockfish_3d_port\x64\release\stockfish_3d_port.dll
m:\chess3d\chess3d_repo\stockfish_3d_port\x64\release\stockfish_3d_port.pdb
m:\chess3d\chess3d_repo\stockfish_3d_port\x64\release\stockfish_3d_port.lib
m:\chess3d\chess3d_repo\stockfish_3d_port\x64\release\stockfish_3d_port.exp
m:\chess3d\chess3d_repo\stockfish_3d_port\stockfish_3d_port\x64\release\stockfish_3d_port.ipdb
m:\chess3d\chess3d_repo\stockfish_3d_port\stockfish_3d_port\x64\release\stockfish_3d_port.iobj
m:\chess3d\chess3d_repo\stockfish_3d_port\stockfish_3d_port\x64\release\stockfish_3d_port.exp
m:\chess3d\chess3d_repo\stockfish_3d_port\stockfish_3d_port\x64\release\stockfish_3d_port.pdb
m:\chess3d\chess3d_repo\stockfish_3d_port\stockfish_3d_port\x64\release\stockfis.8371ba04.tlog\cl.command.1.tlog
m:\chess3d\chess3d_repo\stockfish_3d_port\stockfish_3d_port\x64\release\stockfis.8371ba04.tlog\cl.items.tlog
m:\chess3d\chess3d_repo\stockfish_3d_port\stockfish_3d_port\x64\release\stockfis.8371ba04.tlog\cl.read.1.tlog
m:\chess3d\chess3d_repo\stockfish_3d_port\stockfish_3d_port\x64\release\stockfis.8371ba04.tlog\cl.write.1.tlog
m:\chess3d\chess3d_repo\stockfish_3d_port\stockfish_3d_port\x64\release\stockfis.8371ba04.tlog\link.command.1.tlog
m:\chess3d\chess3d_repo\stockfish_3d_port\stockfish_3d_port\x64\release\stockfis.8371ba04.tlog\link.read.1.tlog
m:\chess3d\chess3d_repo\stockfish_3d_port\stockfish_3d_port\x64\release\stockfis.8371ba04.tlog\link.secondary.1.tlog
m:\chess3d\chess3d_repo\stockfish_3d_port\stockfish_3d_port\x64\release\stockfis.8371ba04.tlog\link.write.1.tlog
